<?xml version="1.0" encoding="UTF-8"?>
<coverage generated="1769252564913" clover="3.2.0">
  <project timestamp="1769252564913" name="All files">
    <metrics statements="32" coveredstatements="29" conditionals="4" coveredconditionals="4" methods="13" coveredmethods="10" elements="49" coveredelements="43" complexity="0" loc="32" ncloc="32" packages="2" files="3" classes="3"/>
    <package name="components">
      <metrics statements="31" coveredstatements="28" conditionals="4" coveredconditionals="4" methods="13" coveredmethods="10"/>
      <file name="Body.js" path="/home/gaurav/react_practise/eatin/src/components/Body.js">
        <metrics statements="20" coveredstatements="19" conditionals="4" coveredconditionals="4" methods="8" coveredmethods="7"/>
        <line num="8" count="1" type="stmt"/>
        <line num="10" count="6" type="stmt"/>
        <line num="12" count="6" type="stmt"/>
        <line num="13" count="6" type="stmt"/>
        <line num="15" count="6" type="stmt"/>
        <line num="16" count="6" type="stmt"/>
        <line num="18" count="6" type="stmt"/>
        <line num="19" count="2" type="stmt"/>
        <line num="22" count="6" type="stmt"/>
        <line num="23" count="2" type="stmt"/>
        <line num="24" count="2" type="stmt"/>
        <line num="27" count="2" type="stmt"/>
        <line num="28" count="2" type="stmt"/>
        <line num="39" count="6" type="cond" truecount="2" falsecount="0"/>
        <line num="46" count="1" type="stmt"/>
        <line num="50" count="1" type="stmt"/>
        <line num="51" count="30" type="stmt"/>
        <line num="55" count="1" type="stmt"/>
        <line num="64" count="0" type="stmt"/>
        <line num="84" count="95" type="cond" truecount="2" falsecount="0"/>
      </file>
      <file name="Card.js" path="/home/gaurav/react_practise/eatin/src/components/Card.js">
        <metrics statements="11" coveredstatements="9" conditionals="0" coveredconditionals="0" methods="5" coveredmethods="3"/>
        <line num="7" count="2" type="stmt"/>
        <line num="8" count="96" type="stmt"/>
        <line num="10" count="96" type="stmt"/>
        <line num="13" count="96" type="stmt"/>
        <line num="15" count="96" type="stmt"/>
        <line num="16" count="0" type="stmt"/>
        <line num="20" count="96" type="stmt"/>
        <line num="31" count="0" type="stmt"/>
        <line num="42" count="2" type="stmt"/>
        <line num="43" count="6" type="stmt"/>
        <line num="44" count="24" type="stmt"/>
      </file>
    </package>
    <package name="utils">
      <metrics statements="1" coveredstatements="1" conditionals="0" coveredconditionals="0" methods="0" coveredmethods="0"/>
      <file name="appStore.js" path="/home/gaurav/react_practise/eatin/src/utils/appStore.js">
        <metrics statements="1" coveredstatements="1" conditionals="0" coveredconditionals="0" methods="0" coveredmethods="0"/>
        <line num="4" count="2" type="stmt"/>
      </file>
    </package>
  </project>
</coverage>
