{"/home/gaurav/react_practise/eatin/src/components/Body.js": {"path":"/home/gaurav/react_practise/eatin/src/components/Body.js","statementMap":{"0":{"start":{"line":8,"column":13},"end":{"line":90,"column":1}},"1":{"start":{"line":10,"column":46},"end":{"line":10,"column":58}},"2":{"start":{"line":12,"column":48},"end":{"line":12,"column":60}},"3":{"start":{"line":13,"column":38},"end":{"line":13,"column":50}},"4":{"start":{"line":15,"column":27},"end":{"line":15,"column":62}},"5":{"start":{"line":16,"column":40},"end":{"line":16,"column":63}},"6":{"start":{"line":18,"column":2},"end":{"line":20,"column":9}},"7":{"start":{"line":19,"column":4},"end":{"line":19,"column":16}},"8":{"start":{"line":22,"column":20},"end":{"line":30,"column":3}},"9":{"start":{"line":23,"column":17},"end":{"line":23,"column":61}},"10":{"start":{"line":24,"column":21},"end":{"line":24,"column":38}},"11":{"start":{"line":27,"column":4},"end":{"line":27,"column":41}},"12":{"start":{"line":28,"column":4},"end":{"line":28,"column":39}},"13":{"start":{"line":39,"column":2},"end":{"line":89,"column":3}},"14":{"start":{"line":46,"column":22},"end":{"line":46,"column":51}},"15":{"start":{"line":50,"column":32},"end":{"line":52,"column":9}},"16":{"start":{"line":51,"column":10},"end":{"line":51,"column":67}},"17":{"start":{"line":55,"column":8},"end":{"line":55,"column":41}},"18":{"start":{"line":64,"column":31},"end":{"line":64,"column":58}},"19":{"start":{"line":84,"column":12},"end":{"line":84,"column":159}}},"fnMap":{"0":{"name":"(anonymous_0)","decl":{"start":{"line":8,"column":13},"end":{"line":8,"column":14}},"loc":{"start":{"line":8,"column":19},"end":{"line":90,"column":1}},"line":8},"1":{"name":"(anonymous_1)","decl":{"start":{"line":18,"column":12},"end":{"line":18,"column":13}},"loc":{"start":{"line":18,"column":18},"end":{"line":20,"column":3}},"line":18},"2":{"name":"(anonymous_2)","decl":{"start":{"line":22,"column":20},"end":{"line":22,"column":21}},"loc":{"start":{"line":22,"column":32},"end":{"line":30,"column":3}},"line":22},"3":{"name":"(anonymous_3)","decl":{"start":{"line":46,"column":16},"end":{"line":46,"column":17}},"loc":{"start":{"line":46,"column":21},"end":{"line":46,"column":52}},"line":46},"4":{"name":"(anonymous_4)","decl":{"start":{"line":49,"column":15},"end":{"line":49,"column":16}},"loc":{"start":{"line":49,"column":21},"end":{"line":55,"column":42}},"line":49},"5":{"name":"(anonymous_5)","decl":{"start":{"line":50,"column":55},"end":{"line":50,"column":56}},"loc":{"start":{"line":51,"column":10},"end":{"line":51,"column":67}},"line":51},"6":{"name":"(anonymous_6)","decl":{"start":{"line":64,"column":23},"end":{"line":64,"column":24}},"loc":{"start":{"line":64,"column":30},"end":{"line":64,"column":59}},"line":64},"7":{"name":"(anonymous_7)","decl":{"start":{"line":82,"column":29},"end":{"line":82,"column":30}},"loc":{"start":{"line":84,"column":12},"end":{"line":84,"column":159}},"line":84}},"branchMap":{"0":{"loc":{"start":{"line":39,"column":9},"end":{"line":89,"column":3}},"type":"cond-expr","locations":[{"start":{"line":39,"column":40},"end":{"line":39,"column":51}},{"start":{"line":40,"column":4},"end":{"line":88,"column":7}}],"line":39},"1":{"loc":{"start":{"line":84,"column":12},"end":{"line":84,"column":159}},"type":"cond-expr","locations":[{"start":{"line":84,"column":39},"end":{"line":84,"column":99}},{"start":{"line":84,"column":102},"end":{"line":84,"column":159}}],"line":84}},"s":{"0":1,"1":6,"2":6,"3":6,"4":6,"5":6,"6":6,"7":2,"8":6,"9":2,"10":2,"11":2,"12":2,"13":6,"14":1,"15":1,"16":30,"17":1,"18":0,"19":95},"f":{"0":6,"1":2,"2":2,"3":1,"4":1,"5":30,"6":0,"7":95},"b":{"0":[2,4],"1":[24,71]},"_coverageSchema":"1a1c01bbd47fc00a2c39e90264f33305004495a9","hash":"60ead786c6832df53e3976526a60f027e6141bf9"}
,"/home/gaurav/react_practise/eatin/src/components/Card.js": {"path":"/home/gaurav/react_practise/eatin/src/components/Card.js","statementMap":{"0":{"start":{"line":7,"column":22},"end":{"line":39,"column":1}},"1":{"start":{"line":8,"column":20},"end":{"line":8,"column":25}},"2":{"start":{"line":10,"column":27},"end":{"line":10,"column":50}},"3":{"start":{"line":13,"column":19},"end":{"line":13,"column":32}},"4":{"start":{"line":15,"column":22},"end":{"line":17,"column":3}},"5":{"start":{"line":16,"column":4},"end":{"line":16,"column":30}},"6":{"start":{"line":20,"column":2},"end":{"line":38,"column":3}},"7":{"start":{"line":31,"column":28},"end":{"line":31,"column":48}},"8":{"start":{"line":42,"column":36},"end":{"line":51,"column":1}},"9":{"start":{"line":43,"column":2},"end":{"line":50,"column":4}},"10":{"start":{"line":44,"column":4},"end":{"line":49,"column":6}}},"fnMap":{"0":{"name":"(anonymous_0)","decl":{"start":{"line":7,"column":22},"end":{"line":7,"column":23}},"loc":{"start":{"line":7,"column":33},"end":{"line":39,"column":1}},"line":7},"1":{"name":"(anonymous_1)","decl":{"start":{"line":15,"column":22},"end":{"line":15,"column":23}},"loc":{"start":{"line":15,"column":35},"end":{"line":17,"column":3}},"line":15},"2":{"name":"(anonymous_2)","decl":{"start":{"line":31,"column":23},"end":{"line":31,"column":24}},"loc":{"start":{"line":31,"column":28},"end":{"line":31,"column":48}},"line":31},"3":{"name":"(anonymous_3)","decl":{"start":{"line":42,"column":36},"end":{"line":42,"column":37}},"loc":{"start":{"line":42,"column":55},"end":{"line":51,"column":1}},"line":42},"4":{"name":"(anonymous_4)","decl":{"start":{"line":43,"column":9},"end":{"line":43,"column":10}},"loc":{"start":{"line":43,"column":20},"end":{"line":50,"column":3}},"line":43}},"branchMap":{},"s":{"0":2,"1":96,"2":96,"3":96,"4":96,"5":0,"6":96,"7":0,"8":2,"9":6,"10":24},"f":{"0":96,"1":0,"2":0,"3":6,"4":24},"b":{},"_coverageSchema":"1a1c01bbd47fc00a2c39e90264f33305004495a9","hash":"2527deb147ac5c28dd3d14e8bd7336f283100ce6"}
,"/home/gaurav/react_practise/eatin/src/utils/appStore.js": {"path":"/home/gaurav/react_practise/eatin/src/utils/appStore.js","statementMap":{"0":{"start":{"line":4,"column":18},"end":{"line":8,"column":2}}},"fnMap":{},"branchMap":{},"s":{"0":2},"f":{},"b":{},"_coverageSchema":"1a1c01bbd47fc00a2c39e90264f33305004495a9","hash":"dadd844f0f8ea33a3a8d2d82bb050714128e7a31"}
}
