{"/home/gaurav/react_practise/eatin/src/components/Card.js": {"path":"/home/gaurav/react_practise/eatin/src/components/Card.js","statementMap":{"0":{"start":{"line":7,"column":22},"end":{"line":39,"column":1}},"1":{"start":{"line":8,"column":20},"end":{"line":8,"column":25}},"2":{"start":{"line":10,"column":27},"end":{"line":10,"column":50}},"3":{"start":{"line":13,"column":19},"end":{"line":13,"column":32}},"4":{"start":{"line":15,"column":22},"end":{"line":17,"column":3}},"5":{"start":{"line":16,"column":4},"end":{"line":16,"column":30}},"6":{"start":{"line":20,"column":2},"end":{"line":38,"column":3}},"7":{"start":{"line":31,"column":28},"end":{"line":31,"column":48}},"8":{"start":{"line":42,"column":36},"end":{"line":51,"column":1}},"9":{"start":{"line":43,"column":2},"end":{"line":50,"column":4}},"10":{"start":{"line":44,"column":4},"end":{"line":49,"column":6}}},"fnMap":{"0":{"name":"(anonymous_0)","decl":{"start":{"line":7,"column":22},"end":{"line":7,"column":23}},"loc":{"start":{"line":7,"column":33},"end":{"line":39,"column":1}},"line":7},"1":{"name":"(anonymous_1)","decl":{"start":{"line":15,"column":22},"end":{"line":15,"column":23}},"loc":{"start":{"line":15,"column":35},"end":{"line":17,"column":3}},"line":15},"2":{"name":"(anonymous_2)","decl":{"start":{"line":31,"column":23},"end":{"line":31,"column":24}},"loc":{"start":{"line":31,"column":28},"end":{"line":31,"column":48}},"line":31},"3":{"name":"(anonymous_3)","decl":{"start":{"line":42,"column":36},"end":{"line":42,"column":37}},"loc":{"start":{"line":42,"column":55},"end":{"line":51,"column":1}},"line":42},"4":{"name":"(anonymous_4)","decl":{"start":{"line":43,"column":9},"end":{"line":43,"column":10}},"loc":{"start":{"line":43,"column":20},"end":{"line":50,"column":3}},"line":43}},"branchMap":{},"s":{"0":1,"1":1,"2":1,"3":1,"4":1,"5":0,"6":1,"7":0,"8":1,"9":0,"10":0},"f":{"0":1,"1":0,"2":0,"3":0,"4":0},"b":{},"_coverageSchema":"1a1c01bbd47fc00a2c39e90264f33305004495a9","hash":"2527deb147ac5c28dd3d14e8bd7336f283100ce6"}
,"/home/gaurav/react_practise/eatin/src/components/Contact.js": {"path":"/home/gaurav/react_practise/eatin/src/components/Contact.js","statementMap":{"0":{"start":{"line":1,"column":16},"end":{"line":14,"column":1}},"1":{"start":{"line":2,"column":2},"end":{"line":13,"column":3}}},"fnMap":{"0":{"name":"(anonymous_0)","decl":{"start":{"line":1,"column":16},"end":{"line":1,"column":17}},"loc":{"start":{"line":1,"column":22},"end":{"line":14,"column":1}},"line":1}},"branchMap":{},"s":{"0":1,"1":3},"f":{"0":3},"b":{},"_coverageSchema":"1a1c01bbd47fc00a2c39e90264f33305004495a9","hash":"eabcc6940e726ef6f4a40907d34f316cb30681ed"}
,"/home/gaurav/react_practise/eatin/src/components/Header.js": {"path":"/home/gaurav/react_practise/eatin/src/components/Header.js","statementMap":{"0":{"start":{"line":9,"column":15},"end":{"line":30,"column":2}},"1":{"start":{"line":10,"column":36},"end":{"line":10,"column":50}},"2":{"start":{"line":12,"column":20},"end":{"line":12,"column":60}},"3":{"start":{"line":12,"column":43},"end":{"line":12,"column":59}},"4":{"start":{"line":16,"column":4},"end":{"line":16,"column":29}},"5":{"start":{"line":18,"column":2},"end":{"line":30,"column":1}}},"fnMap":{"0":{"name":"(anonymous_0)","decl":{"start":{"line":9,"column":15},"end":{"line":9,"column":16}},"loc":{"start":{"line":9,"column":21},"end":{"line":30,"column":2}},"line":9},"1":{"name":"(anonymous_1)","decl":{"start":{"line":12,"column":32},"end":{"line":12,"column":33}},"loc":{"start":{"line":12,"column":43},"end":{"line":12,"column":59}},"line":12},"2":{"name":"handleClick","decl":{"start":{"line":15,"column":11},"end":{"line":15,"column":22}},"loc":{"start":{"line":15,"column":25},"end":{"line":17,"column":3}},"line":15}},"branchMap":{"0":{"loc":{"start":{"line":27,"column":59},"end":{"line":27,"column":88}},"type":"cond-expr","locations":[{"start":{"line":27,"column":71},"end":{"line":27,"column":78}},{"start":{"line":27,"column":80},"end":{"line":27,"column":88}}],"line":27}},"s":{"0":1,"1":4,"2":4,"3":7,"4":1,"5":4},"f":{"0":4,"1":7,"2":1},"b":{"0":[3,1]},"_coverageSchema":"1a1c01bbd47fc00a2c39e90264f33305004495a9","hash":"05593ee7f1ce6d80ae7983b632d3873b68899e8e"}
,"/home/gaurav/react_practise/eatin/src/components/Sum.js": {"path":"/home/gaurav/react_practise/eatin/src/components/Sum.js","statementMap":{"0":{"start":{"line":1,"column":12},"end":{"line":3,"column":1}},"1":{"start":{"line":2,"column":2},"end":{"line":2,"column":13}}},"fnMap":{"0":{"name":"(anonymous_0)","decl":{"start":{"line":1,"column":12},"end":{"line":1,"column":13}},"loc":{"start":{"line":1,"column":21},"end":{"line":3,"column":1}},"line":1}},"branchMap":{},"s":{"0":1,"1":1},"f":{"0":1},"b":{},"_coverageSchema":"1a1c01bbd47fc00a2c39e90264f33305004495a9","hash":"dc9e55f18c91417e8e9c0ce375b4814afc9f833f"}
,"/home/gaurav/react_practise/eatin/src/utils/UserContext.js": {"path":"/home/gaurav/react_practise/eatin/src/utils/UserContext.js","statementMap":{"0":{"start":{"line":3,"column":20},"end":{"line":5,"column":2}}},"fnMap":{},"branchMap":{},"s":{"0":1},"f":{},"b":{},"_coverageSchema":"1a1c01bbd47fc00a2c39e90264f33305004495a9","hash":"9b8c4e32985e7cf9987417c744f99b8f9dd9b4d8"}
,"/home/gaurav/react_practise/eatin/src/utils/appStore.js": {"path":"/home/gaurav/react_practise/eatin/src/utils/appStore.js","statementMap":{"0":{"start":{"line":4,"column":18},"end":{"line":8,"column":2}}},"fnMap":{},"branchMap":{},"s":{"0":2},"f":{},"b":{},"_coverageSchema":"1a1c01bbd47fc00a2c39e90264f33305004495a9","hash":"dadd844f0f8ea33a3a8d2d82bb050714128e7a31"}
,"/home/gaurav/react_practise/eatin/src/utils/cartSlice.js": {"path":"/home/gaurav/react_practise/eatin/src/utils/cartSlice.js","statementMap":{"0":{"start":{"line":3,"column":18},"end":{"line":19,"column":2}},"1":{"start":{"line":10,"column":6},"end":{"line":10,"column":39}},"2":{"start":{"line":13,"column":6},"end":{"line":13,"column":24}},"3":{"start":{"line":16,"column":6},"end":{"line":16,"column":28}},"4":{"start":{"line":21,"column":50},"end":{"line":21,"column":67}}},"fnMap":{"0":{"name":"(anonymous_0)","decl":{"start":{"line":9,"column":13},"end":{"line":9,"column":14}},"loc":{"start":{"line":9,"column":32},"end":{"line":11,"column":5}},"line":9},"1":{"name":"(anonymous_1)","decl":{"start":{"line":12,"column":16},"end":{"line":12,"column":17}},"loc":{"start":{"line":12,"column":35},"end":{"line":14,"column":5}},"line":12},"2":{"name":"(anonymous_2)","decl":{"start":{"line":15,"column":15},"end":{"line":15,"column":16}},"loc":{"start":{"line":15,"column":34},"end":{"line":17,"column":5}},"line":15}},"branchMap":{},"s":{"0":2,"1":0,"2":0,"3":0,"4":2},"f":{"0":0,"1":0,"2":0},"b":{},"_coverageSchema":"1a1c01bbd47fc00a2c39e90264f33305004495a9","hash":"43f2fe7a92ae18b332278e25d01be63c17287bbf"}
}
