TN:
SF:src/components/Body.js
FN:8,(anonymous_0)
FN:18,(anonymous_1)
FN:22,(anonymous_2)
FN:46,(anonymous_3)
FN:49,(anonymous_4)
FN:50,(anonymous_5)
FN:64,(anonymous_6)
FN:82,(anonymous_7)
FNF:8
FNH:7
FNDA:6,(anonymous_0)
FNDA:2,(anonymous_1)
FNDA:2,(anonymous_2)
FNDA:1,(anonymous_3)
FNDA:1,(anonymous_4)
FNDA:30,(anonymous_5)
FNDA:0,(anonymous_6)
FNDA:95,(anonymous_7)
DA:8,1
DA:10,6
DA:12,6
DA:13,6
DA:15,6
DA:16,6
DA:18,6
DA:19,2
DA:22,6
DA:23,2
DA:24,2
DA:27,2
DA:28,2
DA:39,6
DA:46,1
DA:50,1
DA:51,30
DA:55,1
DA:64,0
DA:84,95
LF:20
LH:19
BRDA:39,0,0,2
BRDA:39,0,1,4
BRDA:84,1,0,24
BRDA:84,1,1,71
BRF:4
BRH:4
end_of_record
TN:
SF:src/components/Card.js
FN:7,(anonymous_0)
FN:15,(anonymous_1)
FN:31,(anonymous_2)
FN:42,(anonymous_3)
FN:43,(anonymous_4)
FNF:5
FNH:3
FNDA:96,(anonymous_0)
FNDA:0,(anonymous_1)
FNDA:0,(anonymous_2)
FNDA:6,(anonymous_3)
FNDA:24,(anonymous_4)
DA:7,2
DA:8,96
DA:10,96
DA:13,96
DA:15,96
DA:16,0
DA:20,96
DA:31,0
DA:42,2
DA:43,6
DA:44,24
LF:11
LH:9
BRF:0
BRH:0
end_of_record
TN:
SF:src/utils/appStore.js
FNF:0
FNH:0
DA:4,2
LF:1
LH:1
BRF:0
BRH:0
end_of_record
